app/build/outputs/logs/manifest-merger-debug-report.txt
-- Merging decision tree log ---
manifest
ADDED from src\main\AndroidManifest.xml:16:1-56:12
	package
		ADDED from src\main\AndroidManifest.xml:17:7-50
		INJECTED from src\main\AndroidManifest.xml
		INJECTED from src\main\AndroidManifest.xml
	android:versionName
		ADDED from src\main\AndroidManifest.xml:19:7-32
	android:versionCode
		ADDED from src\main\AndroidManifest.xml:18:7-30
		INJECTED from src\main\AndroidManifest.xml
		INJECTED from src\main\AndroidManifest.xml
	xmlns:android
		ADDED from src\main\AndroidManifest.xml:16:11-69
supports-screens
ADDED from src\main\AndroidManifest.xml:21:7-27:35
	android:largeScreens
		ADDED from src\main\AndroidManifest.xml:25:1-28
	android:smallScreens
		ADDED from src\main\AndroidManifest.xml:26:1-28
	android:normalScreens
		ADDED from src\main\AndroidManifest.xml:24:1-29
	android:xlargeScreens
		ADDED from src\main\AndroidManifest.xml:27:5-33
	android:resizeable
		ADDED from src\main\AndroidManifest.xml:23:1-26
	android:anyDensity
		ADDED from src\main\AndroidManifest.xml:22:5-30
uses-permission#android.permission.BLUETOOTH_ADMIN
ADDED from src\main\AndroidManifest.xml:28:12-81
	android:name
		ADDED from src\main\AndroidManifest.xml:28:29-78
uses-permission#android.permission.BLUETOOTH
ADDED from src\main\AndroidManifest.xml:29:5-68
	android:name
		ADDED from src\main\AndroidManifest.xml:29:22-65
application
ADDED from src\main\AndroidManifest.xml:31:5-55:19
	android:label
		ADDED from src\main\AndroidManifest.xml:31:18-50
	android:allowClearUserData
		ADDED from src\main\AndroidManifest.xml:32:52-86
	android:icon
		ADDED from src\main\AndroidManifest.xml:32:18-51
activity#com.example.android.BluetoothChat.Start
ADDED from src\main\AndroidManifest.xml:33:20-41:20
	android:screenOrientation
		ADDED from src\main\AndroidManifest.xml:35:20-56
	android:label
		ADDED from src\main\AndroidManifest.xml:34:19-51
	android:configChanges
		ADDED from src\main\AndroidManifest.xml:36:19-69
	android:name
		ADDED from src\main\AndroidManifest.xml:33:30-51
intent-filter#android.intent.action.MAIN+android.intent.category.LAUNCHER
ADDED from src\main\AndroidManifest.xml:37:13-40:29
action#android.intent.action.MAIN
ADDED from src\main\AndroidManifest.xml:38:17-69
	android:name
		ADDED from src\main\AndroidManifest.xml:38:25-66
category#android.intent.category.LAUNCHER
ADDED from src\main\AndroidManifest.xml:39:17-77
	android:name
		ADDED from src\main\AndroidManifest.xml:39:27-74
activity#com.example.android.BluetoothChat.BluetoothChat
ADDED from src\main\AndroidManifest.xml:42:9-49:20
	android:label
		ADDED from src\main\AndroidManifest.xml:43:19-51
	android:configChanges
		ADDED from src\main\AndroidManifest.xml:44:19-69
	android:name
		ADDED from src\main\AndroidManifest.xml:42:19-48
intent-filter#android.intent.category.DEFAULT+com.example.android.START
ADDED from src\main\AndroidManifest.xml:45:13-48:29
action#com.example.android.START
ADDED from src\main\AndroidManifest.xml:46:17-68
	android:name
		ADDED from src\main\AndroidManifest.xml:46:25-65
category#android.intent.category.DEFAULT
ADDED from src\main\AndroidManifest.xml:47:17-76
	android:name
		ADDED from src\main\AndroidManifest.xml:47:27-73
activity#com.example.android.BluetoothChat.DeviceListActivity
ADDED from src\main\AndroidManifest.xml:50:9-53:72
	android:label
		ADDED from src\main\AndroidManifest.xml:51:19-56
	android:configChanges
		ADDED from src\main\AndroidManifest.xml:53:19-69
	android:theme
		ADDED from src\main\AndroidManifest.xml:52:19-62
	android:name
		ADDED from src\main\AndroidManifest.xml:50:19-53